<?xml version="1.0" encoding="UTF-8"?>
<testng-results skipped="0" failed="2" ignored="0" total="3" passed="1">
  <reporter-output>
  </reporter-output>
  <suite name="Suite" duration-ms="18222" started-at="2022-03-04T14:21:31 IST" finished-at="2022-03-04T14:21:49 IST">
    <groups>
    </groups>
    <test name="Test" duration-ms="18222" started-at="2022-03-04T14:21:31 IST" finished-at="2022-03-04T14:21:49 IST">
      <class name="com.demo.testCases.TestCase_01">
        <test-method status="PASS" signature="setupTest()[pri:0, instance:com.demo.testCases.TestCase_01@e720b71]" name="setupTest" is-config="true" duration-ms="6576" started-at="2022-03-04T14:21:31 IST" finished-at="2022-03-04T14:21:38 IST">
          <reporter-output>
          </reporter-output>
        </test-method> <!-- setupTest -->
        <test-method status="PASS" signature="startTest()[pri:0, instance:com.demo.testCases.TestCase_01@e720b71]" name="startTest" is-config="true" duration-ms="16" started-at="2022-03-04T14:21:38 IST" finished-at="2022-03-04T14:21:38 IST">
          <reporter-output>
          </reporter-output>
        </test-method> <!-- startTest -->
        <test-method status="FAIL" signature="TC01(java.lang.String,java.lang.String,java.lang.String)[pri:0, instance:com.demo.testCases.TestCase_01@e720b71]" name="TC01" duration-ms="2793" started-at="2022-03-04T14:21:38 IST" data-provider="DataProvider" finished-at="2022-03-04T14:21:41 IST">
          <params>
            <param index="0">
              <value>
                <![CDATA[prateek123@dummy.com]]>
              </value>
            </param>
            <param index="1">
              <value>
                <![CDATA[Maintenance is overdue]]>
              </value>
            </param>
            <param index="2">
              <value>
                <![CDATA[The scheduled maintenance abcd of vehicle 123456007-02, 021, 2020, 345457677 is overdue.]]>
              </value>
            </param>
          </params>
          <exception class="java.lang.AssertionError">
            <message>
              <![CDATA[The following asserts failed:
expected [Maintenance is overdue] but found [🚀 March 4th and Earn with 4 New Tokens!],
expected [The scheduled maintenance abcd of vehicle 123456007-02, 021, 2020, 345457677 is overdue.] but found [If you read the subject of this email and glanced at your calendar, our job is 50% done. The other 50% of our job is to let you know that there are 4 new tokens available for subscription on Earn!



The 4 tokens — BNB, XLM, KSM and DOGE — are literally within reach right now, so all you have to do is march forth this March 4th (pun intended) to the Earn tab on the Coinhako website or app to subscribe.



If there are other tokens you’d like to see on Earn, come forth and drop us a comment on FB and IG, or tweet us at @coinhako to let us know.



Disclaimer: Cryptocurrency trading comes with risks that include volatile markets, flash crashes and cybersecurity risks. Users should research extensively into each individual cryptocurrency and its platform before trading.




Learn about Coinhako Earn
® 2021 Coinhako. All Rights Reserved.
Unsubscribe]]]>
            </message>
            <full-stacktrace>
              <![CDATA[java.lang.AssertionError: The following asserts failed:
expected [Maintenance is overdue] but found [🚀 March 4th and Earn with 4 New Tokens!],
expected [The scheduled maintenance abcd of vehicle 123456007-02, 021, 2020, 345457677 is overdue.] but found [If you read the subject of this email and glanced at your calendar, our job is 50% done. The other 50% of our job is to let you know that there are 4 new tokens available for subscription on Earn!



The 4 tokens — BNB, XLM, KSM and DOGE — are literally within reach right now, so all you have to do is march forth this March 4th (pun intended) to the Earn tab on the Coinhako website or app to subscribe.



If there are other tokens you’d like to see on Earn, come forth and drop us a comment on FB and IG, or tweet us at @coinhako to let us know.



Disclaimer: Cryptocurrency trading comes with risks that include volatile markets, flash crashes and cybersecurity risks. Users should research extensively into each individual cryptocurrency and its platform before trading.




Learn about Coinhako Earn
® 2021 Coinhako. All Rights Reserved.
Unsubscribe]
at org.testng.asserts.SoftAssert.assertAll(SoftAssert.java:46)
at org.testng.asserts.SoftAssert.assertAll(SoftAssert.java:30)
at com.demo.testCases.TestCase_01.TC01(TestCase_01.java:33)
at sun.reflect.NativeMethodAccessorImpl.invoke0(Native Method)
at sun.reflect.NativeMethodAccessorImpl.invoke(NativeMethodAccessorImpl.java:62)
at sun.reflect.DelegatingMethodAccessorImpl.invoke(DelegatingMethodAccessorImpl.java:43)
at java.lang.reflect.Method.invoke(Method.java:498)
at org.testng.internal.invokers.MethodInvocationHelper.invokeMethod(MethodInvocationHelper.java:135)
at org.testng.internal.invokers.TestInvoker.invokeMethod(TestInvoker.java:673)
at org.testng.internal.invokers.TestInvoker.invokeTestMethod(TestInvoker.java:220)
at org.testng.internal.invokers.MethodRunner.runInSequence(MethodRunner.java:50)
at org.testng.internal.invokers.TestInvoker$MethodInvocationAgent.invoke(TestInvoker.java:945)
at org.testng.internal.invokers.TestInvoker.invokeTestMethods(TestInvoker.java:193)
at org.testng.internal.invokers.TestMethodWorker.invokeTestMethods(TestMethodWorker.java:146)
at org.testng.internal.invokers.TestMethodWorker.run(TestMethodWorker.java:128)
at java.util.ArrayList.forEach(ArrayList.java:1257)
at org.testng.TestRunner.privateRun(TestRunner.java:808)
at org.testng.TestRunner.run(TestRunner.java:603)
at org.testng.SuiteRunner.runTest(SuiteRunner.java:429)
at org.testng.SuiteRunner.runSequentially(SuiteRunner.java:423)
at org.testng.SuiteRunner.privateRun(SuiteRunner.java:383)
at org.testng.SuiteRunner.run(SuiteRunner.java:326)
at org.testng.SuiteRunnerWorker.runSuite(SuiteRunnerWorker.java:52)
at org.testng.SuiteRunnerWorker.run(SuiteRunnerWorker.java:95)
at org.testng.TestNG.runSuitesSequentially(TestNG.java:1249)
at org.testng.TestNG.runSuitesLocally(TestNG.java:1169)
at org.testng.TestNG.runSuites(TestNG.java:1092)
at org.testng.TestNG.run(TestNG.java:1060)
at org.apache.maven.surefire.testng.TestNGExecutor.run(TestNGExecutor.java:281)
at org.apache.maven.surefire.testng.TestNGXmlTestSuite.execute(TestNGXmlTestSuite.java:75)
at org.apache.maven.surefire.testng.TestNGProvider.invoke(TestNGProvider.java:121)
at org.apache.maven.surefire.booter.ForkedBooter.invokeProviderInSameClassLoader(ForkedBooter.java:290)
at org.apache.maven.surefire.booter.ForkedBooter.runSuitesInProcess(ForkedBooter.java:242)
at org.apache.maven.surefire.booter.ForkedBooter.main(ForkedBooter.java:121)
]]>
            </full-stacktrace>
          </exception> <!-- java.lang.AssertionError -->
          <reporter-output>
          </reporter-output>
        </test-method> <!-- TC01 -->
        <test-method status="PASS" signature="startTest()[pri:0, instance:com.demo.testCases.TestCase_01@e720b71]" name="startTest" is-config="true" duration-ms="8" started-at="2022-03-04T14:21:41 IST" finished-at="2022-03-04T14:21:41 IST">
          <reporter-output>
          </reporter-output>
        </test-method> <!-- startTest -->
        <test-method status="PASS" signature="endTest()[pri:0, instance:com.demo.testCases.TestCase_01@e720b71]" name="endTest" is-config="true" duration-ms="0" started-at="2022-03-04T14:21:41 IST" finished-at="2022-03-04T14:21:41 IST">
          <reporter-output>
          </reporter-output>
        </test-method> <!-- endTest -->
        <test-method status="FAIL" signature="TC01(java.lang.String,java.lang.String,java.lang.String)[pri:0, instance:com.demo.testCases.TestCase_01@e720b71]" name="TC01" duration-ms="4141" started-at="2022-03-04T14:21:41 IST" data-provider="DataProvider" finished-at="2022-03-04T14:21:45 IST">
          <params>
            <param index="0">
              <value>
                <![CDATA[prateek456@dummy.com]]>
              </value>
            </param>
            <param index="1">
              <value>
                <![CDATA[Your return request has been received on Order #17465212]]>
              </value>
            </param>
            <param index="2">
              <value>
                <![CDATA[Your return, your way.
You have 30 days to ship or return your item in-Club.
Thank you for shopping at BJ’s.com.
If your item(s) are not received within 30 days, the Return Authorization will be automatically canceled and you will need to contact us to obtain a valid Return Authorization before returning your item.
Please note:
• Item(s) being returned must meet Proper Conditions for Return and Credit as explained in our BJs.com Return Policy.
• You will not be charged for return shipping if the returned item(s) were mis-shipped, or are damaged or defective
• You will be charged actual return shipping fees if the item(s) you are returning are non?defective or undamaged, or if you chose not to keep an item you ordered
• You can avoid return shipping charges by returning BJs.com purchases in?Club
• Be aware that, in certain cases, returning items may change or void discounts currently appearing on your order receipt
• Once we receive and process your return, we will send you an email notifying you that your credit has been issued. If you choose to return BJs.com merchandise in?Club, you will receive an email or a receipt confirming your return credit.
Return Refund Summary Manage Orders
Shipping Address
Prateek prateek
6102 SHOPS WAY

Northborough, MA, 01532,
  Order Number
#17465212
  Order Date
03-03-2022
  Return Order #: R208851518
Amount to be Refunded: $135.61
  Payment Method
Buy Now, Pay Later
Visa ****1111
  Subtotal Refund $117.88
Total Discount Recovered -$0.00
Shipping Refund $13.97
Total Other Charges Refund $0.00
Tax Refund $7.16
Return Shipping $0.00
Total $135.61
Buy Now, Pay Later $102.81
CREDIT CARD $32.80
Returning
  Herbal Essences bio:renew Argan Oil of Morocco Conditioner, 29.2 Fl Oz
$9.99
Quantity: 4
Item: 102459
Delivery Option
Shipping
  Herbal Essences bio:renew Argan Oil of Morocco Shampoo, 29.2 fl. oz.
$9.99
Quantity: 3
Item: 102520
Delivery Option
Shipping
  Ticonderoga #2 Sharpened Pencil, 72 ct.
$9.99
Quantity: 3
Item: 709093
Delivery Option
Shipping
  Pantene Pro-V Daily Moisture Renewal Hydrating Shampoo, 38.2 fl. oz.
$8.99
Quantity: 2
Item: 88529
Delivery Option
Shipping
Maybe you'd like these instead
Have questions?
CONTACT US
Download the BJ's Wholesale Club App
  Availability and pricing may change and vary by Club or BJs.com. No rain checks. Tax may be charged on pre?discounted price by law. While BJ's tries to ensure that listed prices are accurate, BJ's is not responsible for typographical or printing errors. Product names and other trademarks are the property of the respective trademark holders.
Important Online Security Information: We want to ensure the online protection of your personal account information. Please note the following precautions:
We will not ask you to submit personal or account information via email.
If you ever receive an email that appears to be from us asking for personal information such as your account number or Social Security Number, do not respond directly to the email.
Please notify us immediately by calling us at 800?BJS?CLUB (800?257?2582).
© 2022 BJ's Wholesale Club, Inc.]]>
              </value>
            </param>
          </params>
          <exception class="java.lang.AssertionError">
            <message>
              <![CDATA[The following asserts failed:
expected [Your return, your way.
You have 30 days to ship or return your item in-Club.
Thank you for shopping at BJ’s.com.
If your item(s) are not received within 30 days, the Return Authorization will be automatically canceled and you will need to contact us to obtain a valid Return Authorization before returning your item.
Please note:
• Item(s) being returned must meet Proper Conditions for Return and Credit as explained in our BJs.com Return Policy.
• You will not be charged for return shipping if the returned item(s) were mis-shipped, or are damaged or defective
• You will be charged actual return shipping fees if the item(s) you are returning are non?defective or undamaged, or if you chose not to keep an item you ordered
• You can avoid return shipping charges by returning BJs.com purchases in?Club
• Be aware that, in certain cases, returning items may change or void discounts currently appearing on your order receipt
• Once we receive and process your return, we will send you an email notifying you that your credit has been issued. If you choose to return BJs.com merchandise in?Club, you will receive an email or a receipt confirming your return credit.
Return Refund Summary Manage Orders
Shipping Address
Prateek prateek
6102 SHOPS WAY

Northborough, MA, 01532,
  Order Number
#17465212
  Order Date
03-03-2022
  Return Order #: R208851518
Amount to be Refunded: $135.61
  Payment Method
Buy Now, Pay Later
Visa ****1111
  Subtotal Refund $117.88
Total Discount Recovered -$0.00
Shipping Refund $13.97
Total Other Charges Refund $0.00
Tax Refund $7.16
Return Shipping $0.00
Total $135.61
Buy Now, Pay Later $102.81
CREDIT CARD $32.80
Returning
  Herbal Essences bio:renew Argan Oil of Morocco Conditioner, 29.2 Fl Oz
$9.99
Quantity: 4
Item: 102459
Delivery Option
Shipping
  Herbal Essences bio:renew Argan Oil of Morocco Shampoo, 29.2 fl. oz.
$9.99
Quantity: 3
Item: 102520
Delivery Option
Shipping
  Ticonderoga #2 Sharpened Pencil, 72 ct.
$9.99
Quantity: 3
Item: 709093
Delivery Option
Shipping
  Pantene Pro-V Daily Moisture Renewal Hydrating Shampoo, 38.2 fl. oz.
$8.99
Quantity: 2
Item: 88529
Delivery Option
Shipping
Maybe you'd like these instead
Have questions?
CONTACT US
Download the BJ's Wholesale Club App
  Availability and pricing may change and vary by Club or BJs.com. No rain checks. Tax may be charged on pre?discounted price by law. While BJ's tries to ensure that listed prices are accurate, BJ's is not responsible for typographical or printing errors. Product names and other trademarks are the property of the respective trademark holders.
Important Online Security Information: We want to ensure the online protection of your personal account information. Please note the following precautions:
We will not ask you to submit personal or account information via email.
If you ever receive an email that appears to be from us asking for personal information such as your account number or Social Security Number, do not respond directly to the email.
Please notify us immediately by calling us at 800?BJS?CLUB (800?257?2582).
© 2022 BJ's Wholesale Club, Inc.] but found [Your return, your way.
You have 30 days to ship or return your item in-Club.
Thank you for shopping at BJ’s.com.
If your item(s) are not received within 30 days, the Return Authorization will be automatically canceled and you will need to contact us to obtain a valid Return Authorization before returning your item.
Please note:
• Item(s) being returned must meet Proper Conditions for Return and Credit as explained in our BJs.com Return Policy.
• You will not be charged for return shipping if the returned item(s) were mis-shipped, or are damaged or defective
• You will be charged actual return shipping fees if the item(s) you are returning are non‑defective or undamaged, or if you chose not to keep an item you ordered
• You can avoid return shipping charges by returning BJs.com purchases in‑Club
• Be aware that, in certain cases, returning items may change or void discounts currently appearing on your order receipt
• Once we receive and process your return, we will send you an email notifying you that your credit has been issued. If you choose to return BJs.com merchandise in‑Club, you will receive an email or a receipt confirming your return credit.
Return Refund Summary Manage Orders
Shipping Address
Prateek prateek
6102 SHOPS WAY

Northborough, MA, 01532,
  Order Number
#17465212
  Order Date
03-03-2022
  Return Order #: R208851518
Amount to be Refunded: $135.61
  Payment Method
Buy Now, Pay Later
Visa ****1111
  Subtotal Refund $117.88
Total Discount Recovered -$0.00
Shipping Refund $13.97
Total Other Charges Refund $0.00
Tax Refund $7.16
Return Shipping $0.00
Total $135.61
Buy Now, Pay Later $102.81
CREDIT CARD $32.80
Returning
  Herbal Essences bio:renew Argan Oil of Morocco Conditioner, 29.2 Fl Oz
$9.99
Quantity: 4
Item: 102459
Delivery Option
Shipping
  Herbal Essences bio:renew Argan Oil of Morocco Shampoo, 29.2 fl. oz.
$9.99
Quantity: 3
Item: 102520
Delivery Option
Shipping
  Ticonderoga #2 Sharpened Pencil, 72 ct.
$9.99
Quantity: 3
Item: 709093
Delivery Option
Shipping
  Pantene Pro-V Daily Moisture Renewal Hydrating Shampoo, 38.2 fl. oz.
$8.99
Quantity: 2
Item: 88529
Delivery Option
Shipping
Maybe you'd like these instead
Have questions?
CONTACT US
Download the BJ's Wholesale Club App
  Availability and pricing may change and vary by Club or BJs.com. No rain checks. Tax may be charged on pre‑discounted price by law. While BJ's tries to ensure that listed prices are accurate, BJ's is not responsible for typographical or printing errors. Product names and other trademarks are the property of the respective trademark holders.
Important Online Security Information: We want to ensure the online protection of your personal account information. Please note the following precautions:
We will not ask you to submit personal or account information via email.
If you ever receive an email that appears to be from us asking for personal information such as your account number or Social Security Number, do not respond directly to the email.
Please notify us immediately by calling us at 800‑BJS‑CLUB (800‑257‑2582).
© 2022 BJ's Wholesale Club, Inc.]]]>
            </message>
            <full-stacktrace>
              <![CDATA[java.lang.AssertionError: The following asserts failed:
expected [Your return, your way.
You have 30 days to ship or return your item in-Club.
Thank you for shopping at BJ’s.com.
If your item(s) are not received within 30 days, the Return Authorization will be automatically canceled and you will need to contact us to obtain a valid Return Authorization before returning your item.
Please note:
• Item(s) being returned must meet Proper Conditions for Return and Credit as explained in our BJs.com Return Policy.
• You will not be charged for return shipping if the returned item(s) were mis-shipped, or are damaged or defective
• You will be charged actual return shipping fees if the item(s) you are returning are non?defective or undamaged, or if you chose not to keep an item you ordered
• You can avoid return shipping charges by returning BJs.com purchases in?Club
• Be aware that, in certain cases, returning items may change or void discounts currently appearing on your order receipt
• Once we receive and process your return, we will send you an email notifying you that your credit has been issued. If you choose to return BJs.com merchandise in?Club, you will receive an email or a receipt confirming your return credit.
Return Refund Summary Manage Orders
Shipping Address
Prateek prateek
6102 SHOPS WAY

Northborough, MA, 01532,
  Order Number
#17465212
  Order Date
03-03-2022
  Return Order #: R208851518
Amount to be Refunded: $135.61
  Payment Method
Buy Now, Pay Later
Visa ****1111
  Subtotal Refund $117.88
Total Discount Recovered -$0.00
Shipping Refund $13.97
Total Other Charges Refund $0.00
Tax Refund $7.16
Return Shipping $0.00
Total $135.61
Buy Now, Pay Later $102.81
CREDIT CARD $32.80
Returning
  Herbal Essences bio:renew Argan Oil of Morocco Conditioner, 29.2 Fl Oz
$9.99
Quantity: 4
Item: 102459
Delivery Option
Shipping
  Herbal Essences bio:renew Argan Oil of Morocco Shampoo, 29.2 fl. oz.
$9.99
Quantity: 3
Item: 102520
Delivery Option
Shipping
  Ticonderoga #2 Sharpened Pencil, 72 ct.
$9.99
Quantity: 3
Item: 709093
Delivery Option
Shipping
  Pantene Pro-V Daily Moisture Renewal Hydrating Shampoo, 38.2 fl. oz.
$8.99
Quantity: 2
Item: 88529
Delivery Option
Shipping
Maybe you'd like these instead
Have questions?
CONTACT US
Download the BJ's Wholesale Club App
  Availability and pricing may change and vary by Club or BJs.com. No rain checks. Tax may be charged on pre?discounted price by law. While BJ's tries to ensure that listed prices are accurate, BJ's is not responsible for typographical or printing errors. Product names and other trademarks are the property of the respective trademark holders.
Important Online Security Information: We want to ensure the online protection of your personal account information. Please note the following precautions:
We will not ask you to submit personal or account information via email.
If you ever receive an email that appears to be from us asking for personal information such as your account number or Social Security Number, do not respond directly to the email.
Please notify us immediately by calling us at 800?BJS?CLUB (800?257?2582).
© 2022 BJ's Wholesale Club, Inc.] but found [Your return, your way.
You have 30 days to ship or return your item in-Club.
Thank you for shopping at BJ’s.com.
If your item(s) are not received within 30 days, the Return Authorization will be automatically canceled and you will need to contact us to obtain a valid Return Authorization before returning your item.
Please note:
• Item(s) being returned must meet Proper Conditions for Return and Credit as explained in our BJs.com Return Policy.
• You will not be charged for return shipping if the returned item(s) were mis-shipped, or are damaged or defective
• You will be charged actual return shipping fees if the item(s) you are returning are non‑defective or undamaged, or if you chose not to keep an item you ordered
• You can avoid return shipping charges by returning BJs.com purchases in‑Club
• Be aware that, in certain cases, returning items may change or void discounts currently appearing on your order receipt
• Once we receive and process your return, we will send you an email notifying you that your credit has been issued. If you choose to return BJs.com merchandise in‑Club, you will receive an email or a receipt confirming your return credit.
Return Refund Summary Manage Orders
Shipping Address
Prateek prateek
6102 SHOPS WAY

Northborough, MA, 01532,
  Order Number
#17465212
  Order Date
03-03-2022
  Return Order #: R208851518
Amount to be Refunded: $135.61
  Payment Method
Buy Now, Pay Later
Visa ****1111
  Subtotal Refund $117.88
Total Discount Recovered -$0.00
Shipping Refund $13.97
Total Other Charges Refund $0.00
Tax Refund $7.16
Return Shipping $0.00
Total $135.61
Buy Now, Pay Later $102.81
CREDIT CARD $32.80
Returning
  Herbal Essences bio:renew Argan Oil of Morocco Conditioner, 29.2 Fl Oz
$9.99
Quantity: 4
Item: 102459
Delivery Option
Shipping
  Herbal Essences bio:renew Argan Oil of Morocco Shampoo, 29.2 fl. oz.
$9.99
Quantity: 3
Item: 102520
Delivery Option
Shipping
  Ticonderoga #2 Sharpened Pencil, 72 ct.
$9.99
Quantity: 3
Item: 709093
Delivery Option
Shipping
  Pantene Pro-V Daily Moisture Renewal Hydrating Shampoo, 38.2 fl. oz.
$8.99
Quantity: 2
Item: 88529
Delivery Option
Shipping
Maybe you'd like these instead
Have questions?
CONTACT US
Download the BJ's Wholesale Club App
  Availability and pricing may change and vary by Club or BJs.com. No rain checks. Tax may be charged on pre‑discounted price by law. While BJ's tries to ensure that listed prices are accurate, BJ's is not responsible for typographical or printing errors. Product names and other trademarks are the property of the respective trademark holders.
Important Online Security Information: We want to ensure the online protection of your personal account information. Please note the following precautions:
We will not ask you to submit personal or account information via email.
If you ever receive an email that appears to be from us asking for personal information such as your account number or Social Security Number, do not respond directly to the email.
Please notify us immediately by calling us at 800‑BJS‑CLUB (800‑257‑2582).
© 2022 BJ's Wholesale Club, Inc.]
at org.testng.asserts.SoftAssert.assertAll(SoftAssert.java:46)
at org.testng.asserts.SoftAssert.assertAll(SoftAssert.java:30)
at com.demo.testCases.TestCase_01.TC01(TestCase_01.java:33)
at sun.reflect.NativeMethodAccessorImpl.invoke0(Native Method)
at sun.reflect.NativeMethodAccessorImpl.invoke(NativeMethodAccessorImpl.java:62)
at sun.reflect.DelegatingMethodAccessorImpl.invoke(DelegatingMethodAccessorImpl.java:43)
at java.lang.reflect.Method.invoke(Method.java:498)
at org.testng.internal.invokers.MethodInvocationHelper.invokeMethod(MethodInvocationHelper.java:135)
at org.testng.internal.invokers.TestInvoker.invokeMethod(TestInvoker.java:673)
at org.testng.internal.invokers.TestInvoker.invokeTestMethod(TestInvoker.java:220)
at org.testng.internal.invokers.MethodRunner.runInSequence(MethodRunner.java:50)
at org.testng.internal.invokers.TestInvoker$MethodInvocationAgent.invoke(TestInvoker.java:945)
at org.testng.internal.invokers.TestInvoker.invokeTestMethods(TestInvoker.java:193)
at org.testng.internal.invokers.TestMethodWorker.invokeTestMethods(TestMethodWorker.java:146)
at org.testng.internal.invokers.TestMethodWorker.run(TestMethodWorker.java:128)
at java.util.ArrayList.forEach(ArrayList.java:1257)
at org.testng.TestRunner.privateRun(TestRunner.java:808)
at org.testng.TestRunner.run(TestRunner.java:603)
at org.testng.SuiteRunner.runTest(SuiteRunner.java:429)
at org.testng.SuiteRunner.runSequentially(SuiteRunner.java:423)
at org.testng.SuiteRunner.privateRun(SuiteRunner.java:383)
at org.testng.SuiteRunner.run(SuiteRunner.java:326)
at org.testng.SuiteRunnerWorker.runSuite(SuiteRunnerWorker.java:52)
at org.testng.SuiteRunnerWorker.run(SuiteRunnerWorker.java:95)
at org.testng.TestNG.runSuitesSequentially(TestNG.java:1249)
at org.testng.TestNG.runSuitesLocally(TestNG.java:1169)
at org.testng.TestNG.runSuites(TestNG.java:1092)
at org.testng.TestNG.run(TestNG.java:1060)
at org.apache.maven.surefire.testng.TestNGExecutor.run(TestNGExecutor.java:281)
at org.apache.maven.surefire.testng.TestNGXmlTestSuite.execute(TestNGXmlTestSuite.java:75)
at org.apache.maven.surefire.testng.TestNGProvider.invoke(TestNGProvider.java:121)
at org.apache.maven.surefire.booter.ForkedBooter.invokeProviderInSameClassLoader(ForkedBooter.java:290)
at org.apache.maven.surefire.booter.ForkedBooter.runSuitesInProcess(ForkedBooter.java:242)
at org.apache.maven.surefire.booter.ForkedBooter.main(ForkedBooter.java:121)
]]>
            </full-stacktrace>
          </exception> <!-- java.lang.AssertionError -->
          <reporter-output>
          </reporter-output>
        </test-method> <!-- TC01 -->
        <test-method status="PASS" signature="TC01(java.lang.String,java.lang.String,java.lang.String)[pri:0, instance:com.demo.testCases.TestCase_01@e720b71]" name="TC01" duration-ms="3470" started-at="2022-03-04T14:21:45 IST" data-provider="DataProvider" finished-at="2022-03-04T14:21:49 IST">
          <params>
            <param index="0">
              <value>
                <![CDATA[shubham123@YOPmail.com]]>
              </value>
            </param>
            <param index="1">
              <value>
                <![CDATA[The wait is over, the 2nd International Virtual Summit is almosthere! | MIT Centre for Future Skills Excellence]]>
              </value>
            </param>
            <param index="2">
              <value>
                <![CDATA[Celebrating International Women’s Day, MIT Centre for Future Skills Excellence (MIT-FuSE), MIT Art, Design and Technology University, Pune, India brings together the world's top tech Women influencers leading the exponential technology domain and raising awareness on trending hot topics such as blockchain technology, data science, AI & ML, cyber security, digital transformation, and many more.
The International Virtual Summit (IVS WFET) is dedicated to addressing concerns, sharing information, and ways to make improvements in the skills and learning space, in order to assist firms in developing a future-ready strategy for the common benefit of global workplaces, as well as challenges in computing technology for Generation Z.
Don't miss out on the chance to listen to the Global Tech Experts Sharing their Expertise on Important Topics like
Why attend International Virtual Summit?
Leadership & Networking Opportunities
Insightsful TechTalks
Collaborations & Advance Learning
Keynotes on Trending #FutureSkills
Blockchain Powered Certification
for Successful Participation
Want to Advance Your CAREER, Join #MITFutureSkills today!
Book Your Free Virtual Seat Now
Bringing together
Students | Graduate | Research Scholars | Startup Enthusiasts | Career Aspirants
OUR ESTEEMED MENTORS & SPEAKERS
Further speakers will be announced soon...
Let’s be a part of the Technology Revolution and build a dynamic future for ourselves and for the nation!
Register Now
https://mitfutureskills.org upskill@mitfutureskills.org +91 7066995599
Unsubscribe
  To Unsubscribe Click here
  ]]>
              </value>
            </param>
          </params>
          <reporter-output>
          </reporter-output>
        </test-method> <!-- TC01 -->
        <test-method status="PASS" signature="startTest()[pri:0, instance:com.demo.testCases.TestCase_01@e720b71]" name="startTest" is-config="true" duration-ms="0" started-at="2022-03-04T14:21:45 IST" finished-at="2022-03-04T14:21:45 IST">
          <reporter-output>
          </reporter-output>
        </test-method> <!-- startTest -->
        <test-method status="PASS" signature="endTest()[pri:0, instance:com.demo.testCases.TestCase_01@e720b71]" name="endTest" is-config="true" duration-ms="0" started-at="2022-03-04T14:21:45 IST" finished-at="2022-03-04T14:21:45 IST">
          <reporter-output>
          </reporter-output>
        </test-method> <!-- endTest -->
        <test-method status="PASS" signature="endTest()[pri:0, instance:com.demo.testCases.TestCase_01@e720b71]" name="endTest" is-config="true" duration-ms="0" started-at="2022-03-04T14:21:49 IST" finished-at="2022-03-04T14:21:49 IST">
          <reporter-output>
          </reporter-output>
        </test-method> <!-- endTest -->
        <test-method status="PASS" signature="tearDown()[pri:0, instance:com.demo.testCases.TestCase_01@e720b71]" name="tearDown" is-config="true" duration-ms="681" started-at="2022-03-04T14:21:49 IST" finished-at="2022-03-04T14:21:49 IST">
          <reporter-output>
          </reporter-output>
        </test-method> <!-- tearDown -->
      </class> <!-- com.demo.testCases.TestCase_01 -->
    </test> <!-- Test -->
  </suite> <!-- Suite -->
</testng-results>
