<?xml version="1.0" encoding="UTF-8"?>
<testsuite xmlns:xsi="http://www.w3.org/2001/XMLSchema-instance" xsi:schemaLocation="https://maven.apache.org/surefire/maven-surefire-plugin/xsd/surefire-test-report.xsd" name="TestSuite" time="18.838" tests="3" errors="0" skipped="0" failures="2">
  <properties>
[...]
</properties>
  <testcase name="TC01" classname="com.demo.testCases.TestCase_01" time="2.809">
    <failure message="The following asserts failed:&#10;	expected [Maintenance is overdue] but found [🚀 March 4th and Earn with 4 New Tokens!],&#10;	expected [The scheduled maintenance abcd of vehicle 123456007-02, 021, 2020, 345457677 is overdue.] but found [If you read the subject of this email and glanced at your calendar, our job is 50% done. The other 50% of our job is to let you know that there are 4 new tokens available for subscription on Earn!&#10;&#10;&#10;&#10;The 4 tokens — BNB, XLM, KSM and DOGE — are literally within reach right now, so all you have to do is march forth this March 4th (pun intended) to the Earn tab on the Coinhako website or app to subscribe.&#10;&#10;&#10;&#10;If there are other tokens you’d like to see on Earn, come forth and drop us a comment on FB and IG, or tweet us at @coinhako to let us know.&#10;&#10;&#10;&#10;Disclaimer: Cryptocurrency trading comes with risks that include volatile markets, flash crashes and cybersecurity risks. Users should research extensively into each individual cryptocurrency and its platform before trading.&#10;&#10;&#10;&#10;&#10;Learn about Coinhako Earn&#10;® 2021 Coinhako. All Rights Reserved.&#10;Unsubscribe]" type="java.lang.AssertionError">java.lang.AssertionError: 
The following asserts failed:
	expected [Maintenance is overdue] but found [🚀 March 4th and Earn with 4 New Tokens!],
	expected [The scheduled maintenance abcd of vehicle 123456007-02, 021, 2020, 345457677 is overdue.] but found [If you read the subject of this email and glanced at your calendar, our job is 50% done. The other 50% of our job is to let you know that there are 4 new tokens available for subscription on Earn!



The 4 tokens — BNB, XLM, KSM and DOGE — are literally within reach right now, so all you have to do is march forth this March 4th (pun intended) to the Earn tab on the Coinhako website or app to subscribe.



If there are other tokens you’d like to see on Earn, come forth and drop us a comment on FB and IG, or tweet us at @coinhako to let us know.



Disclaimer: Cryptocurrency trading comes with risks that include volatile markets, flash crashes and cybersecurity risks. Users should research extensively into each individual cryptocurrency and its platform before trading.




Learn about Coinhako Earn
® 2021 Coinhako. All Rights Reserved.
Unsubscribe]
	at com.demo.testCases.TestCase_01.TC01(TestCase_01.java:33)
</failure>
    <system-err><![CDATA[SLF4J: Failed to load class "org.slf4j.impl.StaticLoggerBinder".
SLF4J: Defaulting to no-operation (NOP) logger implementation
SLF4J: See http://www.slf4j.org/codes.html#StaticLoggerBinder for further details.
Starting ChromeDriver 99.0.4844.51 (d537ec02474b5afe23684e7963d538896c63ac77-refs/branch-heads/4844@{#875}) on port 64526
Only local connections are allowed.
Please see https://chromedriver.chromium.org/security-considerations for suggestions on keeping ChromeDriver safe.
ChromeDriver was started successfully.
Mar 04, 2022 2:21:34 PM org.openqa.selenium.remote.ProtocolHandshake createSession
INFO: Detected dialect: W3C
Mar 04, 2022 2:21:34 PM org.openqa.selenium.devtools.CdpVersionFinder findNearestMatch
WARNING: Unable to find an exact match for CDP version 99, so returning the closest version found: 96
Mar 04, 2022 2:21:34 PM org.openqa.selenium.devtools.CdpVersionFinder findNearestMatch
INFO: Found CDP implementation for version 99 of 96
]]></system-err>
  </testcase>
  <testcase name="TC01" classname="com.demo.testCases.TestCase_01" time="4.141">
    <failure message="The following asserts failed:&#10;	expected [Your return, your way.&#10;You have 30 days to ship or return your item in-Club.&#10;Thank you for shopping at BJ’s.com.&#10;If your item(s) are not received within 30 days, the Return Authorization will be automatically canceled and you will need to contact us to obtain a valid Return Authorization before returning your item.&#10;Please note:&#10;• Item(s) being returned must meet Proper Conditions for Return and Credit as explained in our BJs.com Return Policy.&#10;• You will not be charged for return shipping if the returned item(s) were mis-shipped, or are damaged or defective&#10;• You will be charged actual return shipping fees if the item(s) you are returning are non?defective or undamaged, or if you chose not to keep an item you ordered&#10;• You can avoid return shipping charges by returning BJs.com purchases in?Club&#10;• Be aware that, in certain cases, returning items may change or void discounts currently appearing on your order receipt&#10;• Once we receive and process your return, we will send you an email notifying you that your credit has been issued. If you choose to return BJs.com merchandise in?Club, you will receive an email or a receipt confirming your return credit.&#10;Return Refund Summary Manage Orders&#10;Shipping Address&#10;Prateek prateek&#10;6102 SHOPS WAY&#10;&#10;Northborough, MA, 01532,&#10;  Order Number&#10;#17465212&#10;  Order Date&#10;03-03-2022&#10;  Return Order #: R208851518&#10;Amount to be Refunded: $135.61&#10;  Payment Method&#10;Buy Now, Pay Later&#10;Visa ****1111&#10;  Subtotal Refund $117.88&#10;Total Discount Recovered -$0.00&#10;Shipping Refund $13.97&#10;Total Other Charges Refund $0.00&#10;Tax Refund $7.16&#10;Return Shipping $0.00&#10;Total $135.61&#10;Buy Now, Pay Later $102.81&#10;CREDIT CARD $32.80&#10;Returning&#10;  Herbal Essences bio:renew Argan Oil of Morocco Conditioner, 29.2 Fl Oz&#10;$9.99&#10;Quantity: 4&#10;Item: 102459&#10;Delivery Option&#10;Shipping&#10;  Herbal Essences bio:renew Argan Oil of Morocco Shampoo, 29.2 fl. oz.&#10;$9.99&#10;Quantity: 3&#10;Item: 102520&#10;Delivery Option&#10;Shipping&#10;  Ticonderoga #2 Sharpened Pencil, 72 ct.&#10;$9.99&#10;Quantity: 3&#10;Item: 709093&#10;Delivery Option&#10;Shipping&#10;  Pantene Pro-V Daily Moisture Renewal Hydrating Shampoo, 38.2 fl. oz.&#10;$8.99&#10;Quantity: 2&#10;Item: 88529&#10;Delivery Option&#10;Shipping&#10;Maybe you&apos;d like these instead&#10;Have questions?&#10;CONTACT US&#10;Download the BJ&apos;s Wholesale Club App&#10;  Availability and pricing may change and vary by Club or BJs.com. No rain checks. Tax may be charged on pre?discounted price by law. While BJ&apos;s tries to ensure that listed prices are accurate, BJ&apos;s is not responsible for typographical or printing errors. Product names and other trademarks are the property of the respective trademark holders.&#10;Important Online Security Information: We want to ensure the online protection of your personal account information. Please note the following precautions:&#10;We will not ask you to submit personal or account information via email.&#10;If you ever receive an email that appears to be from us asking for personal information such as your account number or Social Security Number, do not respond directly to the email.&#10;Please notify us immediately by calling us at 800?BJS?CLUB (800?257?2582).&#10;© 2022 BJ&apos;s Wholesale Club, Inc.] but found [Your return, your way.&#10;You have 30 days to ship or return your item in-Club.&#10;Thank you for shopping at BJ’s.com.&#10;If your item(s) are not received within 30 days, the Return Authorization will be automatically canceled and you will need to contact us to obtain a valid Return Authorization before returning your item.&#10;Please note:&#10;• Item(s) being returned must meet Proper Conditions for Return and Credit as explained in our BJs.com Return Policy.&#10;• You will not be charged for return shipping if the returned item(s) were mis-shipped, or are damaged or defective&#10;• You will be charged actual return shipping fees if the item(s) you are returning are non‑defective or undamaged, or if you chose not to keep an item you ordered&#10;• You can avoid return shipping charges by returning BJs.com purchases in‑Club&#10;• Be aware that, in certain cases, returning items may change or void discounts currently appearing on your order receipt&#10;• Once we receive and process your return, we will send you an email notifying you that your credit has been issued. If you choose to return BJs.com merchandise in‑Club, you will receive an email or a receipt confirming your return credit.&#10;Return Refund Summary Manage Orders&#10;Shipping Address&#10;Prateek prateek&#10;6102 SHOPS WAY&#10;&#10;Northborough, MA, 01532,&#10;  Order Number&#10;#17465212&#10;  Order Date&#10;03-03-2022&#10;  Return Order #: R208851518&#10;Amount to be Refunded: $135.61&#10;  Payment Method&#10;Buy Now, Pay Later&#10;Visa ****1111&#10;  Subtotal Refund $117.88&#10;Total Discount Recovered -$0.00&#10;Shipping Refund $13.97&#10;Total Other Charges Refund $0.00&#10;Tax Refund $7.16&#10;Return Shipping $0.00&#10;Total $135.61&#10;Buy Now, Pay Later $102.81&#10;CREDIT CARD $32.80&#10;Returning&#10;  Herbal Essences bio:renew Argan Oil of Morocco Conditioner, 29.2 Fl Oz&#10;$9.99&#10;Quantity: 4&#10;Item: 102459&#10;Delivery Option&#10;Shipping&#10;  Herbal Essences bio:renew Argan Oil of Morocco Shampoo, 29.2 fl. oz.&#10;$9.99&#10;Quantity: 3&#10;Item: 102520&#10;Delivery Option&#10;Shipping&#10;  Ticonderoga #2 Sharpened Pencil, 72 ct.&#10;$9.99&#10;Quantity: 3&#10;Item: 709093&#10;Delivery Option&#10;Shipping&#10;  Pantene Pro-V Daily Moisture Renewal Hydrating Shampoo, 38.2 fl. oz.&#10;$8.99&#10;Quantity: 2&#10;Item: 88529&#10;Delivery Option&#10;Shipping&#10;Maybe you&apos;d like these instead&#10;Have questions?&#10;CONTACT US&#10;Download the BJ&apos;s Wholesale Club App&#10;  Availability and pricing may change and vary by Club or BJs.com. No rain checks. Tax may be charged on pre‑discounted price by law. While BJ&apos;s tries to ensure that listed prices are accurate, BJ&apos;s is not responsible for typographical or printing errors. Product names and other trademarks are the property of the respective trademark holders.&#10;Important Online Security Information: We want to ensure the online protection of your personal account information. Please note the following precautions:&#10;We will not ask you to submit personal or account information via email.&#10;If you ever receive an email that appears to be from us asking for personal information such as your account number or Social Security Number, do not respond directly to the email.&#10;Please notify us immediately by calling us at 800‑BJS‑CLUB (800‑257‑2582).&#10;© 2022 BJ&apos;s Wholesale Club, Inc.]" type="java.lang.AssertionError">java.lang.AssertionError: 
The following asserts failed:
	expected [Your return, your way.
You have 30 days to ship or return your item in-Club.
Thank you for shopping at BJ’s.com.
If your item(s) are not received within 30 days, the Return Authorization will be automatically canceled and you will need to contact us to obtain a valid Return Authorization before returning your item.
Please note:
• Item(s) being returned must meet Proper Conditions for Return and Credit as explained in our BJs.com Return Policy.
• You will not be charged for return shipping if the returned item(s) were mis-shipped, or are damaged or defective
• You will be charged actual return shipping fees if the item(s) you are returning are non?defective or undamaged, or if you chose not to keep an item you ordered
• You can avoid return shipping charges by returning BJs.com purchases in?Club
• Be aware that, in certain cases, returning items may change or void discounts currently appearing on your order receipt
• Once we receive and process your return, we will send you an email notifying you that your credit has been issued. If you choose to return BJs.com merchandise in?Club, you will receive an email or a receipt confirming your return credit.
Return Refund Summary Manage Orders
Shipping Address
Prateek prateek
6102 SHOPS WAY

Northborough, MA, 01532,
  Order Number
#17465212
  Order Date
03-03-2022
  Return Order #: R208851518
Amount to be Refunded: $135.61
  Payment Method
Buy Now, Pay Later
Visa ****1111
  Subtotal Refund $117.88
Total Discount Recovered -$0.00
Shipping Refund $13.97
Total Other Charges Refund $0.00
Tax Refund $7.16
Return Shipping $0.00
Total $135.61
Buy Now, Pay Later $102.81
CREDIT CARD $32.80
Returning
  Herbal Essences bio:renew Argan Oil of Morocco Conditioner, 29.2 Fl Oz
$9.99
Quantity: 4
Item: 102459
Delivery Option
Shipping
  Herbal Essences bio:renew Argan Oil of Morocco Shampoo, 29.2 fl. oz.
$9.99
Quantity: 3
Item: 102520
Delivery Option
Shipping
  Ticonderoga #2 Sharpened Pencil, 72 ct.
$9.99
Quantity: 3
Item: 709093
Delivery Option
Shipping
  Pantene Pro-V Daily Moisture Renewal Hydrating Shampoo, 38.2 fl. oz.
$8.99
Quantity: 2
Item: 88529
Delivery Option
Shipping
Maybe you'd like these instead
Have questions?
CONTACT US
Download the BJ's Wholesale Club App
  Availability and pricing may change and vary by Club or BJs.com. No rain checks. Tax may be charged on pre?discounted price by law. While BJ's tries to ensure that listed prices are accurate, BJ's is not responsible for typographical or printing errors. Product names and other trademarks are the property of the respective trademark holders.
Important Online Security Information: We want to ensure the online protection of your personal account information. Please note the following precautions:
We will not ask you to submit personal or account information via email.
If you ever receive an email that appears to be from us asking for personal information such as your account number or Social Security Number, do not respond directly to the email.
Please notify us immediately by calling us at 800?BJS?CLUB (800?257?2582).
© 2022 BJ's Wholesale Club, Inc.] but found [Your return, your way.
You have 30 days to ship or return your item in-Club.
Thank you for shopping at BJ’s.com.
If your item(s) are not received within 30 days, the Return Authorization will be automatically canceled and you will need to contact us to obtain a valid Return Authorization before returning your item.
Please note:
• Item(s) being returned must meet Proper Conditions for Return and Credit as explained in our BJs.com Return Policy.
• You will not be charged for return shipping if the returned item(s) were mis-shipped, or are damaged or defective
• You will be charged actual return shipping fees if the item(s) you are returning are non‑defective or undamaged, or if you chose not to keep an item you ordered
• You can avoid return shipping charges by returning BJs.com purchases in‑Club
• Be aware that, in certain cases, returning items may change or void discounts currently appearing on your order receipt
• Once we receive and process your return, we will send you an email notifying you that your credit has been issued. If you choose to return BJs.com merchandise in‑Club, you will receive an email or a receipt confirming your return credit.
Return Refund Summary Manage Orders
Shipping Address
Prateek prateek
6102 SHOPS WAY

Northborough, MA, 01532,
  Order Number
#17465212
  Order Date
03-03-2022
  Return Order #: R208851518
Amount to be Refunded: $135.61
  Payment Method
Buy Now, Pay Later
Visa ****1111
  Subtotal Refund $117.88
Total Discount Recovered -$0.00
Shipping Refund $13.97
Total Other Charges Refund $0.00
Tax Refund $7.16
Return Shipping $0.00
Total $135.61
Buy Now, Pay Later $102.81
CREDIT CARD $32.80
Returning
  Herbal Essences bio:renew Argan Oil of Morocco Conditioner, 29.2 Fl Oz
$9.99
Quantity: 4
Item: 102459
Delivery Option
Shipping
  Herbal Essences bio:renew Argan Oil of Morocco Shampoo, 29.2 fl. oz.
$9.99
Quantity: 3
Item: 102520
Delivery Option
Shipping
  Ticonderoga #2 Sharpened Pencil, 72 ct.
$9.99
Quantity: 3
Item: 709093
Delivery Option
Shipping
  Pantene Pro-V Daily Moisture Renewal Hydrating Shampoo, 38.2 fl. oz.
$8.99
Quantity: 2
Item: 88529
Delivery Option
Shipping
Maybe you'd like these instead
Have questions?
CONTACT US
Download the BJ's Wholesale Club App
  Availability and pricing may change and vary by Club or BJs.com. No rain checks. Tax may be charged on pre‑discounted price by law. While BJ's tries to ensure that listed prices are accurate, BJ's is not responsible for typographical or printing errors. Product names and other trademarks are the property of the respective trademark holders.
Important Online Security Information: We want to ensure the online protection of your personal account information. Please note the following precautions:
We will not ask you to submit personal or account information via email.
If you ever receive an email that appears to be from us asking for personal information such as your account number or Social Security Number, do not respond directly to the email.
Please notify us immediately by calling us at 800‑BJS‑CLUB (800‑257‑2582).
© 2022 BJ's Wholesale Club, Inc.]
	at com.demo.testCases.TestCase_01.TC01(TestCase_01.java:33)
</failure>
  </testcase>
  <testcase name="TC01" classname="com.demo.testCases.TestCase_01" time="3.46"/>
</testsuite>